<?xml version="1.0" encoding="UTF-8"?>
<!-- Generated by org.testng.reporters.JUnitReportReporter -->
<testsuite skipped="0" hostname="Navin" name="SelWeek4Day1.EditLead" tests="1" failures="0" timestamp="05 Apr 2018 08:27:23 GMT" time="27.550" errors="0">
  <testcase name="editLeadTestCase" time="27.550" classname="SelWeek4Day1.EditLead"/>
</testsuite> <!-- SelWeek4Day1.EditLead -->
