<?xml version="1.0" encoding="UTF-8"?>
<!-- Generated by org.testng.reporters.JUnitReportReporter -->
<testsuite skipped="0" hostname="Navin" name="TestNGBasics.TestCase1" tests="1" failures="0" timestamp="01 Apr 2018 05:07:48 GMT" time="19.052" errors="0">
  <testcase name="testcase" time="19.052" classname="TestNGBasics.TestCase1"/>
</testsuite> <!-- TestNGBasics.TestCase1 -->
