<?xml version="1.0" encoding="UTF-8"?>
<!-- Generated by org.testng.reporters.JUnitReportReporter -->
<testsuite skipped="1" hostname="Navin" name="SelWeek4Day1.DeleteLead" tests="1" failures="0" timestamp="05 Apr 2018 08:26:24 GMT" time="0.000" errors="0">
  <testcase name="deleteLeadTestCase" time="0.000" classname="SelWeek4Day1.DeleteLead">
    <skipped/>
  </testcase> <!-- deleteLeadTestCase -->
</testsuite> <!-- SelWeek4Day1.DeleteLead -->
