<?xml version="1.0" encoding="UTF-8"?>
<!-- Generated by org.testng.reporters.JUnitReportReporter -->
<testsuite skipped="0" hostname="Navin" name="TestNGBasics.TestCase2" tests="1" failures="0" timestamp="01 Apr 2018 05:07:48 GMT" time="24.524" errors="0">
  <testcase name="testcase" time="24.524" classname="TestNGBasics.TestCase2"/>
</testsuite> <!-- TestNGBasics.TestCase2 -->
