<?xml version="1.0" encoding="UTF-8"?>
<!-- Generated by org.testng.reporters.JUnitReportReporter -->
<testsuite skipped="1" hostname="Navin" name="SelWeek4Day1.MergeLead" tests="1" failures="0" timestamp="05 Apr 2018 08:26:24 GMT" time="0.000" errors="0">
  <testcase name="mergeLeadTestCase" time="0.000" classname="SelWeek4Day1.MergeLead">
    <skipped/>
  </testcase> <!-- mergeLeadTestCase -->
</testsuite> <!-- SelWeek4Day1.MergeLead -->
