<?xml version="1.0" encoding="UTF-8"?>
<!-- Generated by org.testng.reporters.JUnitReportReporter -->
<testsuite skipped="0" hostname="Navin" name="SelWeek4Day1.TestNGAnnotations" tests="1" failures="0" timestamp="01 Apr 2018 05:53:05 GMT" time="0.010" errors="0">
  <testcase name="Test" time="0.010" classname="SelWeek4Day1.TestNGAnnotations"/>
</testsuite> <!-- SelWeek4Day1.TestNGAnnotations -->
