<?xml version="1.0" encoding="UTF-8"?>
<!-- Generated by org.testng.reporters.JUnitReportReporter -->
<testsuite skipped="0" hostname="Navin" name="Homeworks.SETCPractise" tests="1" failures="0" timestamp="08 Apr 2018 02:33:57 GMT" time="15.112" errors="0">
  <testcase name="createAccount" time="15.112" classname="Homeworks.SETCPractise"/>
</testsuite> <!-- Homeworks.SETCPractise -->
