<?xml version="1.0" encoding="UTF-8"?>
<!-- Generated by org.testng.reporters.JUnitReportReporter -->
<testsuite skipped="0" hostname="Navin" name="SelWeek4Day1.CreateLead" tests="1" failures="0" timestamp="21 Apr 2018 05:57:16 GMT" time="22.354" errors="0">
  <testcase name="createLeadTestCase" time="22.354" classname="SelWeek4Day1.CreateLead"/>
</testsuite> <!-- SelWeek4Day1.CreateLead -->
